<?xml version="1.0" encoding="UTF-8"?>
<testsuite name="org.homedepo.service.ProductInfoServiceTest" time="0.147" tests="8" errors="0" skipped="0" failures="0">
  <properties>
[...]
</properties>
  <testcase name="updateProduct_SUCCESS" classname="org.homedepo.service.ProductInfoServiceTest" time="0.044"/>
  <testcase name="createProduct_throwing_vaidation_error_productId" classname="org.homedepo.service.ProductInfoServiceTest" time="0.018"/>
  <testcase name="getProduct_PRODUCT_NOT_AVAILABLE_IN_DB" classname="org.homedepo.service.ProductInfoServiceTest" time="0.011"/>
  <testcase name="updateProduct_throwing_vaidation_error_productId" classname="org.homedepo.service.ProductInfoServiceTest" time="0.019"/>
  <testcase name="getAll_SUCCESS" classname="org.homedepo.service.ProductInfoServiceTest" time="0.009"/>
  <testcase name="getProduct_SUCCESS" classname="org.homedepo.service.ProductInfoServiceTest" time="0.012"/>
  <testcase name="deleteProduct_SUCCESS" classname="org.homedepo.service.ProductInfoServiceTest" time="0.011"/>
  <testcase name="createProduct_SUCCESS" classname="org.homedepo.service.ProductInfoServiceTest" time="0.023"/>
</testsuite>